<?xml version="1.0" encoding="UTF-8"?>
<testsuite name="com.example.project.TipCalculatorTest" tests="3" skipped="0" failures="0" errors="0" timestamp="2024-09-19T13:11:11" hostname="codespaces-3c61d0" time="0.131">
  <properties/>
  <testcase name="testCalculateTip2()" classname="com.example.project.TipCalculatorTest" time="0.1"/>
  <testcase name="testCalculateTip3()" classname="com.example.project.TipCalculatorTest" time="0.015"/>
  <testcase name="testCalculateTip()" classname="com.example.project.TipCalculatorTest" time="0.006"/>
  <system-out><![CDATA[]]></system-out>
  <system-err><![CDATA[]]></system-err>
</testsuite>
